\BOOKMARK [0][-]{chapter*.1}{\376\377\000K\000a\000t\000a\000\040\000P\000e\000n\000g\000a\000n\000t\000a\000r}{}% 1
\BOOKMARK [0][-]{section*.2}{\376\377\000D\000a\000f\000t\000a\000r\000\040\000I\000s\000i}{}% 2
\BOOKMARK [0][-]{section*.3}{\376\377\000D\000a\000f\000t\000a\000r\000\040\000G\000a\000m\000b\000a\000r}{}% 3
\BOOKMARK [0][-]{section*.4}{\376\377\000D\000a\000f\000t\000a\000r\000\040\000T\000a\000b\000e\000l}{}% 4
\BOOKMARK [0][-]{chapter.1}{\376\377\000P\000e\000n\000d\000a\000h\000u\000l\000u\000a\000n}{}% 5
\BOOKMARK [1][-]{section.1.1}{\376\377\000L\000a\000t\000a\000r\000\040\000B\000e\000l\000a\000k\000a\000n\000g}{chapter.1}% 6
\BOOKMARK [1][-]{section.1.2}{\376\377\000R\000u\000m\000u\000s\000a\000n\000\040\000M\000a\000s\000a\000l\000a\000h}{chapter.1}% 7
\BOOKMARK [1][-]{section.1.3}{\376\377\000T\000u\000j\000u\000a\000n}{chapter.1}% 8
\BOOKMARK [1][-]{section.1.4}{\376\377\000B\000a\000t\000a\000s\000a\000n\000\040\000M\000a\000s\000a\000l\000a\000h}{chapter.1}% 9
\BOOKMARK [1][-]{section.1.5}{\376\377\000M\000e\000t\000o\000d\000o\000l\000o\000g\000i}{chapter.1}% 10
\BOOKMARK [1][-]{section.1.6}{\376\377\000S\000i\000s\000t\000e\000m\000a\000t\000i\000k\000a\000\040\000P\000e\000m\000b\000a\000h\000a\000s\000a\000n}{chapter.1}% 11
\BOOKMARK [0][-]{chapter.2}{\376\377\000L\000a\000n\000d\000a\000s\000a\000n\000\040\000T\000e\000o\000r\000i}{}% 12
\BOOKMARK [1][-]{section.2.1}{\376\377\000I\000D\000E\000\040\000U\000N\000P\000A\000R}{chapter.2}% 13
\BOOKMARK [2][-]{subsection.2.1.1}{\376\377\000M\000e\000n\000g\000e\000l\000o\000l\000a\000\040\000M\000a\000t\000a\000\040\000K\000u\000l\000i\000a\000h}{section.2.1}% 14
\BOOKMARK [2][-]{subsection.2.1.2}{\376\377\000M\000e\000n\000g\000e\000l\000o\000l\000a\000\040\000K\000e\000l\000a\000s}{section.2.1}% 15
\BOOKMARK [2][-]{subsection.2.1.3}{\376\377\000F\000o\000r\000u\000m\000\040\000d\000a\000n\000\040\000P\000e\000s\000a\000n}{section.2.1}% 16
\BOOKMARK [2][-]{subsection.2.1.4}{\376\377\000T\000u\000g\000a\000s\000\040\000d\000a\000n\000\040\000K\000u\000i\000s}{section.2.1}% 17
\BOOKMARK [1][-]{section.2.2}{\376\377\000M\000o\000o\000d\000l\000e}{chapter.2}% 18
\BOOKMARK [1][-]{section.2.3}{\376\377\000M\000o\000o\000d\000l\000e\000\040\000m\000o\000b\000i\000l\000e}{chapter.2}% 19
\BOOKMARK [2][-]{subsection.2.3.1}{\376\377\000T\000h\000e\000m\000e\000s\000\040\000d\000a\000n\000\040\000P\000l\000u\000g\000i\000n\000s}{section.2.3}% 20
\BOOKMARK [2][-]{subsection.2.3.2}{\376\377\000F\000i\000t\000u\000r\000-\000f\000i\000t\000u\000r}{section.2.3}% 21
\BOOKMARK [1][-]{section.2.4}{\376\377\000M\000o\000o\000d\000l\000e\000\040\000m\000o\000b\000i\000l\000e\000\040\000D\000e\000v\000e\000l\000o\000p\000m\000e\000n\000t}{chapter.2}% 22
\BOOKMARK [2][-]{subsection.2.4.1}{\376\377\000M\000o\000o\000d\000l\000e\000\040\000m\000o\000b\000i\000l\000e\000\040\0001}{section.2.4}% 23
\BOOKMARK [2][-]{subsection.2.4.2}{\376\377\000M\000o\000o\000d\000l\000e\000\040\000m\000o\000b\000i\000l\000e\000\040\0002}{section.2.4}% 24
\BOOKMARK [1][-]{section.2.5}{\376\377\000L\000i\000n\000g\000k\000u\000n\000g\000a\000n\000\040\000P\000e\000n\000g\000e\000m\000b\000a\000n\000g\000a\000n}{chapter.2}% 25
\BOOKMARK [2][-]{subsection.2.5.1}{\376\377\000L\000i\000n\000g\000k\000u\000n\000g\000a\000n\000\040\000P\000e\000n\000g\000e\000m\000b\000a\000n\000g\000a\000n\000\040\000B\000e\000r\000d\000a\000s\000a\000r\000k\000a\000n\000\040\000D\000o\000k\000u\000m\000e\000n\000t\000a\000s\000i\000\040\000M\000o\000o\000d\000l\000e}{section.2.5}% 26
\BOOKMARK [0][-]{chapter.3}{\376\377\000A\000n\000a\000l\000i\000s\000i\000s}{}% 27
\BOOKMARK [1][-]{section.3.1}{\376\377\000K\000o\000n\000d\000i\000s\000i\000\040\000I\000D\000E\000\040\000U\000N\000P\000A\000R}{chapter.3}% 28
\BOOKMARK [1][-]{section.3.2}{\376\377\000M\000o\000o\000d\000l\000e\000\040\000d\000e\000m\000o}{chapter.3}% 29
\BOOKMARK [2][-]{subsection.3.2.1}{\376\377\000M\000a\000t\000a\000\040\000k\000u\000l\000i\000a\000h\000\040\000d\000a\000n\000\040\000p\000e\000s\000e\000r\000t\000a\000\040\000m\000a\000t\000a\000\040\000k\000u\000l\000i\000a\000h}{section.3.2}% 30
\BOOKMARK [2][-]{subsection.3.2.2}{\376\377\000P\000l\000u\000g\000i\000n\000\040\000d\000a\000n\000\040\000t\000e\000m\000a}{section.3.2}% 31
\BOOKMARK [1][-]{section.3.3}{\376\377\000L\000i\000s\000e\000n\000s\000i\000\040\000M\000o\000o\000d\000e\000l\000\040\000m\000o\000b\000i\000l\000e}{chapter.3}% 32
\BOOKMARK [0][-]{chapter.4}{\376\377\000P\000e\000r\000a\000n\000c\000a\000n\000g\000a\000n}{}% 33
\BOOKMARK [0][-]{chapter.5}{\376\377\000I\000m\000p\000l\000e\000m\000e\000n\000t\000a\000s\000i\000\040\000d\000a\000n\000\040\000P\000e\000n\000g\000u\000j\000i\000a\000n}{}% 34
\BOOKMARK [1][-]{section.5.1}{\376\377\000L\000i\000n\000g\000k\000u\000n\000g\000a\000n\000\040\000P\000e\000n\000g\000e\000m\000b\000a\000n\000g\000a\000n}{chapter.5}% 35
\BOOKMARK [2][-]{subsection.5.1.1}{\376\377\000P\000e\000n\000y\000e\000s\000u\000a\000i\000a\000n\000\040\000L\000i\000n\000g\000k\000u\000n\000g\000a\000n\000\040\000P\000e\000n\000g\000e\000m\000b\000a\000n\000g\000a\000n}{section.5.1}% 36
\BOOKMARK [1][-]{section.5.2}{\376\377\000P\000e\000n\000y\000e\000s\000u\000a\000i\000a\000n\000\040\000T\000e\000m\000a}{chapter.5}% 37
\BOOKMARK [2][-]{subsection.5.2.1}{\376\377\000P\000e\000n\000y\000e\000s\000u\000a\000i\000a\000n\000\040\000s\000k\000e\000m\000a\000\040\000w\000a\000r\000n\000a}{section.5.2}% 38
\BOOKMARK [0][-]{appendix.A}{\376\377\000K\000o\000d\000e\000\040\000P\000r\000o\000g\000r\000a\000m}{}% 39
\BOOKMARK [0][-]{appendix.B}{\376\377\000H\000a\000s\000i\000l\000\040\000E\000k\000s\000p\000e\000r\000i\000m\000e\000n}{}% 40
